[06/03 13:39:16.517] Play or pause
[06/03 13:39:21.521] Finish task1
[06/03 13:39:22.189] Next video
[06/03 13:39:27.716] Next video
[06/03 13:39:28.902] Next video
[06/03 13:39:32.745] Play or pause
[06/03 13:39:44.361] Play music
[06/03 13:39:44.945] Play music
[06/03 13:39:45.975] Play music
[06/03 13:40:57.523] From ToasterUsingTime | UsingCount: 0 UsingTime: 0.5005069
[06/03 13:40:58.024] From ToasterUsingTime | UsingCount: 0 UsingTime: 1.002437
[06/03 13:40:58.524] From ToasterUsingTime | UsingCount: 0 UsingTime: 1.502695
[06/03 13:40:59.024] From ToasterUsingTime | UsingCount: 0 UsingTime: 2.004185
[06/03 13:40:59.526] From ToasterUsingTime | UsingCount: 0 UsingTime: 2.506044
[06/03 13:40:59.723] Set toaster time: 18.83078
[06/03 13:40:59.724] From ToasterUsingCount | UsingCount: 1 UsingTime: 0
[06/03 13:41:00.028] From ToasterUsingTime | UsingCount: 0 UsingTime: 3.008945
[06/03 13:41:00.530] From ToasterUsingTime | UsingCount: 0 UsingTime: 3.509055
[06/03 13:41:01.031] From ToasterUsingTime | UsingCount: 0 UsingTime: 4.010075
[06/03 13:41:01.531] From ToasterUsingTime | UsingCount: 0 UsingTime: 4.511502
[06/03 13:41:02.033] From ToasterUsingTime | UsingCount: 0 UsingTime: 5.012928
[06/03 13:41:02.534] From ToasterUsingTime | UsingCount: 0 UsingTime: 5.513978
[06/03 13:41:03.035] From ToasterUsingTime | UsingCount: 0 UsingTime: 6.014163
[06/03 13:41:03.536] From ToasterUsingTime | UsingCount: 0 UsingTime: 6.515482
[06/03 13:41:04.038] From ToasterUsingTime | UsingCount: 0 UsingTime: 7.016855
[06/03 13:41:04.540] From ToasterUsingTime | UsingCount: 0 UsingTime: 7.517148
[06/03 13:41:05.040] From ToasterUsingTime | UsingCount: 0 UsingTime: 8.01953
[06/03 13:41:05.541] From ToasterUsingTime | UsingCount: 0 UsingTime: 8.521981
[06/03 13:41:06.042] From ToasterUsingTime | UsingCount: 0 UsingTime: 9.023039
[06/03 13:41:06.543] From ToasterUsingTime | UsingCount: 0 UsingTime: 9.524063
[06/03 13:41:07.045] From ToasterUsingTime | UsingCount: 0 UsingTime: 10.0247
[06/03 13:41:07.547] From ToasterUsingTime | UsingCount: 0 UsingTime: 10.52637
[06/03 13:41:08.049] From ToasterUsingTime | UsingCount: 0 UsingTime: 11.02763
[06/03 13:41:08.550] From ToasterUsingTime | UsingCount: 0 UsingTime: 11.52887
[06/03 13:41:09.051] From ToasterUsingTime | UsingCount: 0 UsingTime: 12.02963
[06/03 13:41:09.552] From ToasterUsingTime | UsingCount: 0 UsingTime: 12.53045
[06/03 13:41:10.053] From ToasterUsingTime | UsingCount: 0 UsingTime: 13.03202
[06/03 13:41:10.555] From ToasterUsingTime | UsingCount: 0 UsingTime: 13.53556
[06/03 13:41:11.070] From ToasterUsingTime | UsingCount: 0 UsingTime: 14.04866
[06/03 13:41:11.571] From ToasterUsingTime | UsingCount: 0 UsingTime: 14.54949
[06/03 13:41:12.072] From ToasterUsingTime | UsingCount: 0 UsingTime: 15.05164
[06/03 13:41:12.573] From ToasterUsingTime | UsingCount: 0 UsingTime: 15.55297
[06/03 13:41:13.075] From ToasterUsingTime | UsingCount: 0 UsingTime: 16.05518
[06/03 13:41:13.575] From ToasterUsingTime | UsingCount: 0 UsingTime: 16.55671
[06/03 13:41:14.077] From ToasterUsingTime | UsingCount: 0 UsingTime: 17.05867
[06/03 13:41:14.591] From ToasterUsingTime | UsingCount: 0 UsingTime: 17.57146
[06/03 13:41:15.092] From ToasterUsingTime | UsingCount: 0 UsingTime: 18.07326
[06/03 13:41:15.593] From ToasterUsingTime | UsingCount: 0 UsingTime: 18.57465
[06/03 13:41:16.095] From ToasterUsingTime | UsingCount: 0 UsingTime: 19.07501
[06/03 13:41:16.596] From ToasterUsingTime | UsingCount: 0 UsingTime: 19.57661
[06/03 13:41:17.099] From ToasterUsingTime | UsingCount: 0 UsingTime: 20.07794
[06/03 13:41:17.598] From ToasterUsingTime | UsingCount: 0 UsingTime: 20.57821
[06/03 13:41:18.100] From ToasterUsingTime | UsingCount: 0 UsingTime: 21.07901
[06/03 13:41:18.601] From ToasterUsingTime | UsingCount: 0 UsingTime: 21.58114
[06/03 13:41:18.642] From ToasterUsingTime | UsingCount: 0 UsingTime: 0
[06/03 13:41:26.204] From FridgeOpenCount | UsingCount: 1 UsingTime: 0
[06/03 13:41:26.384] From FridgeOpenTime | UsingCount: 0 UsingTime: 0
[06/03 13:41:26.422] From FridgeOpenCount | UsingCount: 2 UsingTime: 0
[06/03 13:41:26.926] From FridgeOpenTime | UsingCount: 0 UsingTime: 0.502422
[06/03 13:41:27.428] From FridgeOpenTime | UsingCount: 0 UsingTime: 1.004038
[06/03 13:41:27.930] From FridgeOpenTime | UsingCount: 0 UsingTime: 1.505169
[06/03 13:41:28.431] From FridgeOpenTime | UsingCount: 0 UsingTime: 2.006593
[06/03 13:41:28.932] From FridgeOpenTime | UsingCount: 0 UsingTime: 2.506907
[06/03 13:41:29.431] From FridgeOpenTime | UsingCount: 0 UsingTime: 3.008152
[06/03 13:41:29.934] From FridgeOpenTime | UsingCount: 0 UsingTime: 3.509765
[06/03 13:41:30.435] From FridgeOpenTime | UsingCount: 0 UsingTime: 4.010429
[06/03 13:41:30.936] From FridgeOpenTime | UsingCount: 0 UsingTime: 4.512073
[06/03 13:41:31.437] From FridgeOpenTime | UsingCount: 0 UsingTime: 5.012339
[06/03 13:41:31.939] From FridgeOpenTime | UsingCount: 0 UsingTime: 5.514046
[06/03 13:41:32.440] From FridgeOpenTime | UsingCount: 0 UsingTime: 6.014462
[06/03 13:41:32.941] From FridgeOpenTime | UsingCount: 0 UsingTime: 6.516724
[06/03 13:41:33.442] From FridgeOpenTime | UsingCount: 0 UsingTime: 7.018106
[06/03 13:41:33.944] From FridgeOpenTime | UsingCount: 0 UsingTime: 7.520028
[06/03 13:41:34.445] From FridgeOpenTime | UsingCount: 0 UsingTime: 8.020729
[06/03 13:41:34.948] From FridgeOpenTime | UsingCount: 0 UsingTime: 8.522137
[06/03 13:41:35.448] From FridgeOpenTime | UsingCount: 0 UsingTime: 9.022894
[06/03 13:41:35.949] From FridgeOpenTime | UsingCount: 0 UsingTime: 9.523972
[06/03 13:41:36.450] From FridgeOpenTime | UsingCount: 0 UsingTime: 10.0254
[06/03 13:41:36.965] From FridgeOpenTime | UsingCount: 0 UsingTime: 10.54065
[06/03 13:41:37.466] From FridgeOpenTime | UsingCount: 0 UsingTime: 11.04155
[06/03 13:41:37.967] From FridgeOpenTime | UsingCount: 0 UsingTime: 11.54275
[06/03 13:41:38.471] From FridgeOpenTime | UsingCount: 0 UsingTime: 12.04453
[06/03 13:41:38.971] From FridgeOpenTime | UsingCount: 0 UsingTime: 12.54624
[06/03 13:41:39.472] From FridgeOpenTime | UsingCount: 0 UsingTime: 13.04794
[06/03 13:41:39.973] From FridgeOpenTime | UsingCount: 0 UsingTime: 13.5485
[06/03 13:41:40.474] From FridgeOpenTime | UsingCount: 0 UsingTime: 14.05026
[06/03 13:41:40.975] From FridgeOpenTime | UsingCount: 0 UsingTime: 14.55301
[06/03 13:41:41.477] From FridgeOpenTime | UsingCount: 0 UsingTime: 15.05404
[06/03 13:41:41.978] From FridgeOpenTime | UsingCount: 0 UsingTime: 15.55438
[06/03 13:41:42.479] From FridgeOpenTime | UsingCount: 0 UsingTime: 16.05622
[06/03 13:41:42.981] From FridgeOpenTime | UsingCount: 0 UsingTime: 16.55757
[06/03 13:41:43.482] From FridgeOpenTime | UsingCount: 0 UsingTime: 17.05827
[06/03 13:41:43.566] Light on
[06/03 13:41:43.720] Light off
[06/03 13:41:43.983] From FridgeOpenTime | UsingCount: 0 UsingTime: 17.55925
[06/03 13:41:44.304] Light on
[06/03 13:41:44.484] From FridgeOpenTime | UsingCount: 0 UsingTime: 18.06115
[06/03 13:41:44.582] Light off
[06/03 13:41:44.999] From FridgeOpenTime | UsingCount: 0 UsingTime: 18.57591
[06/03 13:41:45.347] Light on
[06/03 13:41:45.389] Light off
[06/03 13:41:45.500] From FridgeOpenTime | UsingCount: 0 UsingTime: 19.07677
[06/03 13:41:46.001] From FridgeOpenTime | UsingCount: 0 UsingTime: 19.57703
[06/03 13:41:46.503] From FridgeOpenTime | UsingCount: 0 UsingTime: 20.078
[06/03 13:41:47.004] From FridgeOpenTime | UsingCount: 0 UsingTime: 20.57923
[06/03 13:41:47.506] From FridgeOpenTime | UsingCount: 0 UsingTime: 21.0803
[06/03 13:41:48.007] From FridgeOpenTime | UsingCount: 0 UsingTime: 21.58071
[06/03 13:41:48.187] Light on
[06/03 13:41:48.507] From FridgeOpenTime | UsingCount: 0 UsingTime: 22.08397
[06/03 13:41:49.008] From FridgeOpenTime | UsingCount: 0 UsingTime: 22.58576
[06/03 13:41:49.510] From FridgeOpenTime | UsingCount: 0 UsingTime: 23.08685
[06/03 13:41:50.010] From FridgeOpenTime | UsingCount: 0 UsingTime: 23.58703
[06/03 13:41:50.512] From FridgeOpenTime | UsingCount: 0 UsingTime: 24.08809
[06/03 13:41:51.014] From FridgeOpenTime | UsingCount: 0 UsingTime: 24.59072
[06/03 13:41:51.528] From FridgeOpenTime | UsingCount: 0 UsingTime: 25.10331
[06/03 13:41:52.029] From FridgeOpenTime | UsingCount: 0 UsingTime: 25.60389
[06/03 13:41:52.531] From FridgeOpenTime | UsingCount: 0 UsingTime: 26.10553
[06/03 13:41:53.031] From FridgeOpenTime | UsingCount: 0 UsingTime: 26.6083
[06/03 13:41:53.533] From FridgeOpenTime | UsingCount: 0 UsingTime: 27.10927
[06/03 13:41:54.033] From FridgeOpenTime | UsingCount: 0 UsingTime: 27.60973
[06/03 13:41:54.535] From FridgeOpenTime | UsingCount: 0 UsingTime: 28.11085
[06/03 13:41:55.036] From FridgeOpenTime | UsingCount: 0 UsingTime: 28.6119
[06/03 13:41:55.538] From FridgeOpenTime | UsingCount: 0 UsingTime: 29.1137
[06/03 13:41:56.039] From FridgeOpenTime | UsingCount: 0 UsingTime: 29.61519
[06/03 13:41:56.540] From FridgeOpenTime | UsingCount: 0 UsingTime: 30.11527
[06/03 13:41:57.041] From FridgeOpenTime | UsingCount: 0 UsingTime: 30.61739
[06/03 13:41:57.543] From FridgeOpenTime | UsingCount: 0 UsingTime: 31.11924
[06/03 13:41:58.045] From FridgeOpenTime | UsingCount: 0 UsingTime: 31.62105
[06/03 13:41:58.545] From FridgeOpenTime | UsingCount: 0 UsingTime: 32.12183
[06/03 13:41:59.047] From FridgeOpenTime | UsingCount: 0 UsingTime: 32.62204
[06/03 13:41:59.548] From FridgeOpenTime | UsingCount: 0 UsingTime: 33.12376
[06/03 13:42:00.048] From FridgeOpenTime | UsingCount: 0 UsingTime: 33.62465
[06/03 13:42:00.550] From FridgeOpenTime | UsingCount: 0 UsingTime: 34.12524
[06/03 13:42:01.051] From FridgeOpenTime | UsingCount: 0 UsingTime: 34.62616
[06/03 13:42:01.553] From FridgeOpenTime | UsingCount: 0 UsingTime: 35.12819
[06/03 13:42:02.053] From FridgeOpenTime | UsingCount: 0 UsingTime: 35.62844
[06/03 13:42:02.554] From FridgeOpenTime | UsingCount: 0 UsingTime: 36.12899
[06/03 13:42:03.054] From FridgeOpenTime | UsingCount: 0 UsingTime: 36.62977
[06/03 13:42:03.556] From FridgeOpenTime | UsingCount: 0 UsingTime: 37.13165
[06/03 13:42:04.059] From FridgeOpenTime | UsingCount: 0 UsingTime: 37.6338
[06/03 13:42:04.559] From FridgeOpenTime | UsingCount: 0 UsingTime: 38.13531
[06/03 13:42:05.061] From FridgeOpenTime | UsingCount: 0 UsingTime: 38.63671
[06/03 13:42:05.562] From FridgeOpenTime | UsingCount: 0 UsingTime: 39.13721
[06/03 13:42:06.064] From FridgeOpenTime | UsingCount: 0 UsingTime: 39.63906
[06/03 13:42:06.565] From FridgeOpenTime | UsingCount: 0 UsingTime: 40.14059
[06/03 13:42:07.066] From FridgeOpenTime | UsingCount: 0 UsingTime: 40.64167
[06/03 13:42:07.568] From FridgeOpenTime | UsingCount: 0 UsingTime: 41.14214
[06/03 13:42:08.068] From FridgeOpenTime | UsingCount: 0 UsingTime: 41.64343
[06/03 13:42:08.569] From FridgeOpenTime | UsingCount: 0 UsingTime: 42.14417
[06/03 13:42:09.071] From FridgeOpenTime | UsingCount: 0 UsingTime: 42.64505
[06/03 13:42:09.571] From FridgeOpenTime | UsingCount: 0 UsingTime: 43.14701
[06/03 13:42:09.767] From FridgeOpenTime | UsingCount: 0 UsingTime: 0
[06/03 13:42:26.206] From FridgeOpenCount | UsingCount: 1 UsingTime: 0
[06/03 13:42:26.429] From FridgeOpenCount | UsingCount: 0 UsingTime: 0
[06/03 13:42:35.591] Set gasfire speed: 0.02344925
[06/03 13:42:35.592] Set heating speed: 0.02344925
[06/03 13:42:35.648] Set gasfire speed: 0.05684704
[06/03 13:42:35.649] Set heating speed: 0.05684704
[06/03 13:42:35.703] Set gasfire speed: 0.08558712
[06/03 13:42:35.703] Set heating speed: 0.08558712
[06/03 13:42:35.757] Set gasfire speed: 0.1103683
[06/03 13:42:35.757] Set heating speed: 0.1103683
[06/03 13:42:35.813] Set gasfire speed: 0.1267351
[06/03 13:42:35.813] Set heating speed: 0.1267351
[06/03 13:42:35.869] Set gasfire speed: 0.1482585
[06/03 13:42:35.870] Set heating speed: 0.1482585
[06/03 13:42:35.924] Set gasfire speed: 0.1676453
[06/03 13:42:35.924] Set heating speed: 0.1676453
[06/03 13:42:35.980] Set gasfire speed: 0.1863219
[06/03 13:42:35.981] Set heating speed: 0.1863219
[06/03 13:42:36.035] Set gasfire speed: 0.1969536
[06/03 13:42:36.036] Set heating speed: 0.1969536
[06/03 13:42:36.090] From OvenUsingTime | UsingCount: 0 UsingTime: 0.5003337
[06/03 13:42:36.091] Set gasfire speed: 0.2114659
[06/03 13:42:36.091] Set heating speed: 0.2114659
[06/03 13:42:36.148] Set gasfire speed: 0.2250399
[06/03 13:42:36.148] Set heating speed: 0.2250399
[06/03 13:42:36.203] Set gasfire speed: 0.2377741
[06/03 13:42:36.204] Set heating speed: 0.2377741
[06/03 13:42:36.259] Set gasfire speed: 0.2501996
[06/03 13:42:36.259] Set heating speed: 0.2501996
[06/03 13:42:36.314] Set gasfire speed: 0.2585792
[06/03 13:42:36.314] Set heating speed: 0.2585792
[06/03 13:42:36.371] Set gasfire speed: 0.2719373
[06/03 13:42:36.371] Set heating speed: 0.2719373
[06/03 13:42:36.426] Set gasfire speed: 0.2858054
[06/03 13:42:36.427] Set heating speed: 0.2858054
[06/03 13:42:36.481] Set gasfire speed: 0.2977915
[06/03 13:42:36.482] Set heating speed: 0.2977915
[06/03 13:42:36.536] Set gasfire speed: 0.3049665
[06/03 13:42:36.537] Set heating speed: 0.3049665
[06/03 13:42:36.592] From OvenUsingTime | UsingCount: 0 UsingTime: 1.001829
[06/03 13:42:36.592] Set gasfire speed: 0.3151002
[06/03 13:42:36.593] Set heating speed: 0.3151002
[06/03 13:42:36.648] Set gasfire speed: 0.3250153
[06/03 13:42:36.649] Set heating speed: 0.3250153
[06/03 13:42:36.704] Set gasfire speed: 0.3348337
[06/03 13:42:36.705] Set heating speed: 0.3348337
[06/03 13:42:36.760] Set gasfire speed: 0.3429246
[06/03 13:42:36.760] Set heating speed: 0.3429246
[06/03 13:42:36.815] Set gasfire speed: 0.3476686
[06/03 13:42:36.816] Set heating speed: 0.3476686
[06/03 13:42:36.871] Set gasfire speed: 0.353896
[06/03 13:42:36.872] Set heating speed: 0.353896
[06/03 13:42:36.926] Set gasfire speed: 0.3594179
[06/03 13:42:36.927] Set heating speed: 0.3594179
[06/03 13:42:36.982] Set gasfire speed: 0.3640812
[06/03 13:42:36.983] Set heating speed: 0.3640812
[06/03 13:42:37.093] From OvenUsingTime | UsingCount: 0 UsingTime: 1.50232
[06/03 13:42:37.093] Set gasfire speed: 0.3702557
[06/03 13:42:37.094] Set heating speed: 0.3702557
[06/03 13:42:37.204] Set gasfire speed: 0.3744815
[06/03 13:42:37.205] Set heating speed: 0.3744815
[06/03 13:42:37.371] Set gasfire speed: 0.3773564
[06/03 13:42:37.372] Set heating speed: 0.3773564
[06/03 13:42:37.597] From OvenUsingTime | UsingCount: 0 UsingTime: 2.006295
[06/03 13:42:37.819] Set gasfire speed: 0.3808329
[06/03 13:42:37.821] Set heating speed: 0.3808329
[06/03 13:42:37.931] Set gasfire speed: 0.3887572
[06/03 13:42:37.931] Set heating speed: 0.3887572
[06/03 13:42:37.986] Set gasfire speed: 0.3945871
[06/03 13:42:37.987] Set heating speed: 0.3945871
[06/03 13:42:38.040] Set gasfire speed: 0.3995955
[06/03 13:42:38.041] Set heating speed: 0.3995955
[06/03 13:42:38.096] From OvenUsingTime | UsingCount: 0 UsingTime: 2.506431
[06/03 13:42:38.097] Set gasfire speed: 0.4042891
[06/03 13:42:38.098] Set heating speed: 0.4042891
[06/03 13:42:38.153] Set gasfire speed: 0.407661
[06/03 13:42:38.154] Set heating speed: 0.407661
[06/03 13:42:38.208] Set gasfire speed: 0.4128055
[06/03 13:42:38.208] Set heating speed: 0.4128055
[06/03 13:42:38.599] From OvenUsingTime | UsingCount: 0 UsingTime: 3.008169
[06/03 13:42:38.600] Set gasfire speed: 0.4077376
[06/03 13:42:38.600] Set heating speed: 0.4077376
[06/03 13:42:38.709] Set gasfire speed: 0.402956
[06/03 13:42:38.709] Set heating speed: 0.402956
[06/03 13:42:38.989] Set gasfire speed: 0.4065694
[06/03 13:42:38.989] Set heating speed: 0.4065694
[06/03 13:42:39.043] Set gasfire speed: 0.4101409
[06/03 13:42:39.045] Set heating speed: 0.4101409
[06/03 13:42:39.100] From OvenUsingTime | UsingCount: 0 UsingTime: 3.508921
[06/03 13:42:39.101] Set gasfire speed: 0.4162861
[06/03 13:42:39.101] Set heating speed: 0.4162861
[06/03 13:42:39.155] Set gasfire speed: 0.4221769
[06/03 13:42:39.155] Set heating speed: 0.4221769
[06/03 13:42:39.210] Set gasfire speed: 0.43503
[06/03 13:42:39.211] Set heating speed: 0.43503
[06/03 13:42:39.267] Set gasfire speed: 0.4469206
[06/03 13:42:39.268] Set heating speed: 0.4469206
[06/03 13:42:39.323] Set gasfire speed: 0.4598937
[06/03 13:42:39.323] Set heating speed: 0.4598937
[06/03 13:42:39.379] Set gasfire speed: 0.470274
[06/03 13:42:39.379] Set heating speed: 0.470274
[06/03 13:42:39.434] Set gasfire speed: 0.4770632
[06/03 13:42:39.435] Set heating speed: 0.4770632
[06/03 13:42:39.489] Set gasfire speed: 0.4847338
[06/03 13:42:39.490] Set heating speed: 0.4847338
[06/03 13:42:39.546] Set gasfire speed: 0.4904272
[06/03 13:42:39.547] Set heating speed: 0.4904272
[06/03 13:42:39.601] From OvenUsingTime | UsingCount: 0 UsingTime: 4.009523
[06/03 13:42:39.602] Set gasfire speed: 0.4940717
[06/03 13:42:39.602] Set heating speed: 0.4940717
[06/03 13:42:39.712] Set gasfire speed: 0.4909442
[06/03 13:42:39.713] Set heating speed: 0.4909442
[06/03 13:42:39.769] Set gasfire speed: 0.4802
[06/03 13:42:39.770] Set heating speed: 0.4802
[06/03 13:42:39.824] Set gasfire speed: 0.4662203
[06/03 13:42:39.824] Set heating speed: 0.4662203
[06/03 13:42:39.880] Set gasfire speed: 0.4498852
[06/03 13:42:39.880] Set heating speed: 0.4498852
[06/03 13:42:39.935] Set gasfire speed: 0.4383575
[06/03 13:42:39.936] Set heating speed: 0.4383575
[06/03 13:42:39.990] Set gasfire speed: 0.4194016
[06/03 13:42:39.991] Set heating speed: 0.4194016
[06/03 13:42:40.047] Set gasfire speed: 0.3998141
[06/03 13:42:40.048] Set heating speed: 0.3998141
[06/03 13:42:40.103] From OvenUsingTime | UsingCount: 0 UsingTime: 4.510376
[06/03 13:42:40.104] Set gasfire speed: 0.3812923
[06/03 13:42:40.104] Set heating speed: 0.3812923
[06/03 13:42:40.157] Set gasfire speed: 0.3632234
[06/03 13:42:40.158] Set heating speed: 0.3632234
[06/03 13:42:40.214] Set gasfire speed: 0.3528505
[06/03 13:42:40.214] Set heating speed: 0.3528505
[06/03 13:42:40.270] Set gasfire speed: 0.3474791
[06/03 13:42:40.270] Set heating speed: 0.3474791
[06/03 13:42:40.324] Set gasfire speed: 0.3588688
[06/03 13:42:40.325] Set heating speed: 0.3588688
[06/03 13:42:40.381] Set gasfire speed: 0.3778458
[06/03 13:42:40.382] Set heating speed: 0.3778458
[06/03 13:42:40.436] Set gasfire speed: 0.389028
[06/03 13:42:40.436] Set heating speed: 0.389028
[06/03 13:42:40.491] Set gasfire speed: 0.4075191
[06/03 13:42:40.492] Set heating speed: 0.4075191
[06/03 13:42:40.548] Set gasfire speed: 0.4231147
[06/03 13:42:40.548] Set heating speed: 0.4231147
[06/03 13:42:40.604] From OvenUsingTime | UsingCount: 0 UsingTime: 5.011635
[06/03 13:42:40.604] Set gasfire speed: 0.4390599
[06/03 13:42:40.605] Set heating speed: 0.4390599
[06/03 13:42:40.659] Set gasfire speed: 0.4548185
[06/03 13:42:40.660] Set heating speed: 0.4548185
[06/03 13:42:40.714] Set gasfire speed: 0.464455
[06/03 13:42:40.715] Set heating speed: 0.464455
[06/03 13:42:40.771] Set gasfire speed: 0.4778582
[06/03 13:42:40.772] Set heating speed: 0.4778582
[06/03 13:42:40.826] Set gasfire speed: 0.4892662
[06/03 13:42:40.827] Set heating speed: 0.4892662
[06/03 13:42:40.882] Set gasfire speed: 0.4990704
[06/03 13:42:40.883] Set heating speed: 0.4990704
[06/03 13:42:40.937] Set gasfire speed: 0.5039518
[06/03 13:42:40.938] Set heating speed: 0.5039518
[06/03 13:42:40.993] Set gasfire speed: 0.5072436
[06/03 13:42:40.993] Set heating speed: 0.5072436
[06/03 13:42:41.049] Set gasfire speed: 0.5107679
[06/03 13:42:41.050] Set heating speed: 0.5107679
[06/03 13:42:41.105] From OvenUsingTime | UsingCount: 0 UsingTime: 5.512879
[06/03 13:42:41.106] Set gasfire speed: 0.5141875
[06/03 13:42:41.107] Set heating speed: 0.5141875
[06/03 13:42:41.160] Set gasfire speed: 0.5175969
[06/03 13:42:41.161] Set heating speed: 0.5175969
[06/03 13:42:41.271] Set gasfire speed: 0.5232565
[06/03 13:42:41.272] Set heating speed: 0.5232565
[06/03 13:42:41.328] Set gasfire speed: 0.5266388
[06/03 13:42:41.328] Set heating speed: 0.5266388
[06/03 13:42:41.384] Set gasfire speed: 0.5089746
[06/03 13:42:41.385] Set heating speed: 0.5089746
[06/03 13:42:41.439] Set gasfire speed: 0.4940523
[06/03 13:42:41.439] Set heating speed: 0.4940523
[06/03 13:42:41.494] Set gasfire speed: 0.4856071
[06/03 13:42:41.494] Set heating speed: 0.4856071
[06/03 13:42:41.551] Set gasfire speed: 0.4753858
[06/03 13:42:41.552] Set heating speed: 0.4753858
[06/03 13:42:41.606] From OvenUsingTime | UsingCount: 0 UsingTime: 6.013274
[06/03 13:42:41.607] Set gasfire speed: 0.4664081
[06/03 13:42:41.607] Set heating speed: 0.4664081
[06/03 13:42:41.661] Set gasfire speed: 0.4588501
[06/03 13:42:41.662] Set heating speed: 0.4588501
[06/03 13:42:41.718] Set gasfire speed: 0.4523114
[06/03 13:42:41.719] Set heating speed: 0.4523114
[06/03 13:42:41.886] Set gasfire speed: 0.4569952
[06/03 13:42:41.887] Set heating speed: 0.4569952
[06/03 13:42:41.941] Set gasfire speed: 0.4619026
[06/03 13:42:41.941] Set heating speed: 0.4619026
[06/03 13:42:41.997] Set gasfire speed: 0.4684324
[06/03 13:42:41.997] Set heating speed: 0.4684324
[06/03 13:42:42.053] Set gasfire speed: 0.4743287
[06/03 13:42:42.054] Set heating speed: 0.4743287
[06/03 13:42:42.107] From OvenUsingTime | UsingCount: 0 UsingTime: 6.51578
[06/03 13:42:42.108] Set gasfire speed: 0.4851702
[06/03 13:42:42.108] Set heating speed: 0.4851702
[06/03 13:42:42.163] Set gasfire speed: 0.4973829
[06/03 13:42:42.165] Set heating speed: 0.4973829
[06/03 13:42:42.219] Set gasfire speed: 0.5077143
[06/03 13:42:42.220] Set heating speed: 0.5077143
[06/03 13:42:42.273] Set gasfire speed: 0.513604
[06/03 13:42:42.273] Set heating speed: 0.513604
[06/03 13:42:42.330] Set gasfire speed: 0.5196465
[06/03 13:42:42.331] Set heating speed: 0.5196465
[06/03 13:42:42.498] Set gasfire speed: 0.5126961
[06/03 13:42:42.498] Set heating speed: 0.5126961
[06/03 13:42:42.552] Set gasfire speed: 0.5078668
[06/03 13:42:42.553] Set heating speed: 0.5078668
[06/03 13:42:42.608] From OvenUsingTime | UsingCount: 0 UsingTime: 7.017859
[06/03 13:42:42.608] Set gasfire speed: 0.4980941
[06/03 13:42:42.608] Set heating speed: 0.4980941
[06/03 13:42:42.664] Set gasfire speed: 0.4857843
[06/03 13:42:42.665] Set heating speed: 0.4857843
[06/03 13:42:42.720] Set gasfire speed: 0.4716576
[06/03 13:42:42.721] Set heating speed: 0.4716576
[06/03 13:42:42.774] Set gasfire speed: 0.4612197
[06/03 13:42:42.775] Set heating speed: 0.4612197
[06/03 13:42:42.830] Set gasfire speed: 0.4444728
[06/03 13:42:42.831] Set heating speed: 0.4444728
[06/03 13:42:42.887] Set gasfire speed: 0.4271712
[06/03 13:42:42.888] Set heating speed: 0.4271712
[06/03 13:42:42.942] Set gasfire speed: 0.4070992
[06/03 13:42:42.943] Set heating speed: 0.4070992
[06/03 13:42:42.999] Set gasfire speed: 0.3870874
[06/03 13:42:43.000] Set heating speed: 0.3870874
[06/03 13:42:43.053] Set gasfire speed: 0.3737795
[06/03 13:42:43.054] Set heating speed: 0.3737795
[06/03 13:42:43.109] From OvenUsingTime | UsingCount: 0 UsingTime: 7.518067
[06/03 13:42:43.110] Set gasfire speed: 0.3538674
[06/03 13:42:43.110] Set heating speed: 0.3538674
[06/03 13:42:43.166] Set gasfire speed: 0.3340151
[06/03 13:42:43.166] Set heating speed: 0.3340151
[06/03 13:42:43.221] Set gasfire speed: 0.3142223
[06/03 13:42:43.222] Set heating speed: 0.3142223
[06/03 13:42:43.277] Set gasfire speed: 0.3270555
[06/03 13:42:43.277] Set heating speed: 0.3270555
[06/03 13:42:43.331] Set gasfire speed: 0.3352285
[06/03 13:42:43.332] Set heating speed: 0.3352285
[06/03 13:42:43.388] Set gasfire speed: 0.3489504
[06/03 13:42:43.389] Set heating speed: 0.3489504
[06/03 13:42:43.443] Set gasfire speed: 0.3635101
[06/03 13:42:43.444] Set heating speed: 0.3635101
[06/03 13:42:43.499] Set gasfire speed: 0.3771653
[06/03 13:42:43.500] Set heating speed: 0.3771653
[06/03 13:42:43.554] Set gasfire speed: 0.3866882
[06/03 13:42:43.555] Set heating speed: 0.3866882
[06/03 13:42:43.610] From OvenUsingTime | UsingCount: 0 UsingTime: 8.01975
[06/03 13:42:43.610] Set gasfire speed: 0.4004579
[06/03 13:42:43.611] Set heating speed: 0.4004579
[06/03 13:42:43.667] Set gasfire speed: 0.4147497
[06/03 13:42:43.667] Set heating speed: 0.4147497
[06/03 13:42:43.722] Set gasfire speed: 0.4279783
[06/03 13:42:43.723] Set heating speed: 0.4279783
[06/03 13:42:43.777] Set gasfire speed: 0.4411981
[06/03 13:42:43.778] Set heating speed: 0.4411981
[06/03 13:42:43.833] Set gasfire speed: 0.4500706
[06/03 13:42:43.833] Set heating speed: 0.4500706
[06/03 13:42:43.890] Set gasfire speed: 0.4632463
[06/03 13:42:43.890] Set heating speed: 0.4632463
[06/03 13:42:43.945] Set gasfire speed: 0.4767592
[06/03 13:42:43.945] Set heating speed: 0.4767592
[06/03 13:42:44.000] Set gasfire speed: 0.4904099
[06/03 13:42:44.001] Set heating speed: 0.4904099
[06/03 13:42:44.055] Set gasfire speed: 0.4993922
[06/03 13:42:44.056] Set heating speed: 0.4993922
[06/03 13:42:44.111] From OvenUsingTime | UsingCount: 0 UsingTime: 8.521216
[06/03 13:42:44.112] Set gasfire speed: 0.5128738
[06/03 13:42:44.112] Set heating speed: 0.5128738
[06/03 13:42:44.168] Set gasfire speed: 0.5257307
[06/03 13:42:44.168] Set heating speed: 0.5257307
[06/03 13:42:44.223] Set gasfire speed: 0.5375548
[06/03 13:42:44.224] Set heating speed: 0.5375548
[06/03 13:42:44.279] Set gasfire speed: 0.5486028
[06/03 13:42:44.280] Set heating speed: 0.5486028
[06/03 13:42:44.335] Set gasfire speed: 0.5552524
[06/03 13:42:44.335] Set heating speed: 0.5552524
[06/03 13:42:44.390] Set gasfire speed: 0.5652017
[06/03 13:42:44.391] Set heating speed: 0.5652017
[06/03 13:42:44.446] Set gasfire speed: 0.5751213
[06/03 13:42:44.447] Set heating speed: 0.5751213
[06/03 13:42:44.503] Set gasfire speed: 0.5850111
[06/03 13:42:44.503] Set heating speed: 0.5850111
[06/03 13:42:44.557] Set gasfire speed: 0.5948713
[06/03 13:42:44.558] Set heating speed: 0.5948713
[06/03 13:42:44.613] From OvenUsingTime | UsingCount: 0 UsingTime: 9.023166
[06/03 13:42:44.613] Set gasfire speed: 0.6014283
[06/03 13:42:44.614] Set heating speed: 0.6014283
[06/03 13:42:44.669] Set gasfire speed: 0.6112393
[06/03 13:42:44.670] Set heating speed: 0.6112393
[06/03 13:42:44.724] Set gasfire speed: 0.6145031
[06/03 13:42:44.725] Set heating speed: 0.6145031
[06/03 13:42:45.114] From OvenUsingTime | UsingCount: 0 UsingTime: 9.524714
[06/03 13:42:45.115] Set gasfire speed: 0.5959258
[06/03 13:42:45.115] Set heating speed: 0.5959258
[06/03 13:42:45.171] Set gasfire speed: 0.5719608
[06/03 13:42:45.172] Set heating speed: 0.5719608
[06/03 13:42:45.227] Set gasfire speed: 0.5545992
[06/03 13:42:45.227] Set heating speed: 0.5545992
[06/03 13:42:45.282] Set gasfire speed: 0.5420931
[06/03 13:42:45.283] Set heating speed: 0.5420931
[06/03 13:42:45.337] Set gasfire speed: 0.537296
[06/03 13:42:45.337] Set heating speed: 0.537296
[06/03 13:42:45.393] Set gasfire speed: 0.5341824
[06/03 13:42:45.393] Set heating speed: 0.5341824
[06/03 13:42:45.449] Set gasfire speed: 0.5378511
[06/03 13:42:45.450] Set heating speed: 0.5378511
[06/03 13:42:45.505] Set gasfire speed: 0.5450407
[06/03 13:42:45.506] Set heating speed: 0.5450407
[06/03 13:42:45.560] Set gasfire speed: 0.5540714
[06/03 13:42:45.560] Set heating speed: 0.5540714
[06/03 13:42:45.615] From OvenUsingTime | UsingCount: 0 UsingTime: 10.02484
[06/03 13:42:45.616] Set gasfire speed: 0.5610583
[06/03 13:42:45.616] Set heating speed: 0.5610583
[06/03 13:42:45.671] Set gasfire speed: 0.5721723
[06/03 13:42:45.672] Set heating speed: 0.5721723
[06/03 13:42:45.727] Set gasfire speed: 0.5852746
[06/03 13:42:45.728] Set heating speed: 0.5852746
[06/03 13:42:45.783] Set gasfire speed: 0.5981793
[06/03 13:42:45.783] Set heating speed: 0.5981793
[06/03 13:42:45.839] Set gasfire speed: 0.6109257
[06/03 13:42:45.840] Set heating speed: 0.6109257
[06/03 13:42:45.894] Set gasfire speed: 0.6200504
[06/03 13:42:45.895] Set heating speed: 0.6200504
[06/03 13:42:45.950] Set gasfire speed: 0.6366361
[06/03 13:42:45.952] Set heating speed: 0.6366361
[06/03 13:42:46.006] Set gasfire speed: 0.6539378
[06/03 13:42:46.010] Set heating speed: 0.6539378
[06/03 13:42:46.061] Set gasfire speed: 0.6715702
[06/03 13:42:46.061] Set heating speed: 0.6715702
[06/03 13:42:46.117] From OvenUsingTime | UsingCount: 0 UsingTime: 10.52619
[06/03 13:42:46.117] Set gasfire speed: 0.6881154
[06/03 13:42:46.118] Set heating speed: 0.6881154
[06/03 13:42:46.172] Set gasfire speed: 0.698718
[06/03 13:42:46.173] Set heating speed: 0.698718
[06/03 13:42:46.228] Set gasfire speed: 0.714351
[06/03 13:42:46.229] Set heating speed: 0.714351
[06/03 13:42:46.284] Set gasfire speed: 0.7300357
[06/03 13:42:46.285] Set heating speed: 0.7300357
[06/03 13:42:46.339] Set gasfire speed: 0.7461717
[06/03 13:42:46.340] Set heating speed: 0.7461717
[06/03 13:42:46.394] Set gasfire speed: 0.757911
[06/03 13:42:46.395] Set heating speed: 0.757911
[06/03 13:42:46.451] Set gasfire speed: 0.7764986
[06/03 13:42:46.452] Set heating speed: 0.7764986
[06/03 13:42:46.506] Set gasfire speed: 0.7960472
[06/03 13:42:46.508] Set heating speed: 0.7960472
[06/03 13:42:46.562] Set gasfire speed: 0.8162836
[06/03 13:42:46.563] Set heating speed: 0.8162836
[06/03 13:42:46.619] From OvenUsingTime | UsingCount: 0 UsingTime: 11.02732
[06/03 13:42:46.620] Set gasfire speed: 0.8367978
[06/03 13:42:46.620] Set heating speed: 0.8367978
[06/03 13:42:46.673] Set gasfire speed: 0.8501056
[06/03 13:42:46.673] Set heating speed: 0.8501056
[06/03 13:42:46.730] Set gasfire speed: 0.8700508
[06/03 13:42:46.731] Set heating speed: 0.8700508
[06/03 13:42:46.786] Set gasfire speed: 0.8898021
[06/03 13:42:46.787] Set heating speed: 0.8898021
[06/03 13:42:46.841] Set gasfire speed: 0.9068455
[06/03 13:42:46.841] Set heating speed: 0.9068455
[06/03 13:42:46.897] Set gasfire speed: 0.9200258
[06/03 13:42:46.898] Set heating speed: 0.9200258
[06/03 13:42:46.953] Set gasfire speed: 0.9253661
[06/03 13:42:46.954] Set heating speed: 0.9253661
[06/03 13:42:47.008] Set gasfire speed: 0.9325634
[06/03 13:42:47.008] Set heating speed: 0.9325634
[06/03 13:42:47.064] Set gasfire speed: 0.9404569
[06/03 13:42:47.065] Set heating speed: 0.9404569
[06/03 13:42:47.120] From OvenUsingTime | UsingCount: 0 UsingTime: 11.52808
[06/03 13:42:47.121] Set gasfire speed: 0.9489431
[06/03 13:42:47.121] Set heating speed: 0.9489431
[06/03 13:42:47.174] Set gasfire speed: 0.9542232
[06/03 13:42:47.174] Set heating speed: 0.9542232
[06/03 13:42:47.230] Set gasfire speed: 0.9590904
[06/03 13:42:47.231] Set heating speed: 0.9590904
[06/03 13:42:47.287] Set gasfire speed: 0.9620752
[06/03 13:42:47.288] Set heating speed: 0.9620752
[06/03 13:42:47.342] Set gasfire speed: 0.965051
[06/03 13:42:47.342] Set heating speed: 0.965051
[06/03 13:42:47.398] Set gasfire speed: 0.968018
[06/03 13:42:47.399] Set heating speed: 0.968018
[06/03 13:42:47.510] Set gasfire speed: 0.9729431
[06/03 13:42:47.510] Set heating speed: 0.9729431
[06/03 13:42:47.566] Set gasfire speed: 0.9758863
[06/03 13:42:47.566] Set heating speed: 0.9758863
[06/03 13:42:47.634] From OvenUsingTime | UsingCount: 0 UsingTime: 12.04461
[06/03 13:42:47.955] Set gasfire speed: 0.9477033
[06/03 13:42:47.955] Set heating speed: 0.9477033
[06/03 13:42:48.010] Set gasfire speed: 0.9070581
[06/03 13:42:48.011] Set heating speed: 0.9070581
[06/03 13:42:48.066] Set gasfire speed: 0.871667
[06/03 13:42:48.067] Set heating speed: 0.871667
[06/03 13:42:48.122] Set gasfire speed: 0.8413494
[06/03 13:42:48.123] Set heating speed: 0.8413494
[06/03 13:42:48.136] From OvenUsingTime | UsingCount: 0 UsingTime: 12.54642
[06/03 13:42:48.178] Set gasfire speed: 0.8160301
[06/03 13:42:48.179] Set heating speed: 0.8160301
[06/03 13:42:48.233] Set gasfire speed: 0.8019795
[06/03 13:42:48.234] Set heating speed: 0.8019795
[06/03 13:42:48.290] Set gasfire speed: 0.7832451
[06/03 13:42:48.291] Set heating speed: 0.7832451
[06/03 13:42:48.345] Set gasfire speed: 0.766804
[06/03 13:42:48.346] Set heating speed: 0.766804
[06/03 13:42:48.401] Set gasfire speed: 0.7527907
[06/03 13:42:48.402] Set heating speed: 0.7527907
[06/03 13:42:48.456] Set gasfire speed: 0.7448514
[06/03 13:42:48.457] Set heating speed: 0.7448514
[06/03 13:42:48.512] Set gasfire speed: 0.7353726
[06/03 13:42:48.512] Set heating speed: 0.7353726
[06/03 13:42:48.568] Set gasfire speed: 0.7291173
[06/03 13:42:48.569] Set heating speed: 0.7291173
[06/03 13:42:48.637] From OvenUsingTime | UsingCount: 0 UsingTime: 13.04699
[06/03 13:42:48.790] Set gasfire speed: 0.7324175
[06/03 13:42:48.790] Set heating speed: 0.7324175
[06/03 13:42:48.847] Set gasfire speed: 0.7363737
[06/03 13:42:48.848] Set heating speed: 0.7363737
[06/03 13:42:48.903] Set gasfire speed: 0.7400302
[06/03 13:42:48.904] Set heating speed: 0.7400302
[06/03 13:42:48.958] Set gasfire speed: 0.7438855
[06/03 13:42:48.958] Set heating speed: 0.7438855
[06/03 13:42:49.125] Set gasfire speed: 0.7313867
[06/03 13:42:49.125] Set heating speed: 0.7313867
[06/03 13:42:49.139] From OvenUsingTime | UsingCount: 0 UsingTime: 13.54823
[06/03 13:42:49.181] Set gasfire speed: 0.7165948
[06/03 13:42:49.182] Set heating speed: 0.7165948
[06/03 13:42:49.236] Set gasfire speed: 0.700234
[06/03 13:42:49.236] Set heating speed: 0.700234
[06/03 13:42:49.291] Set gasfire speed: 0.6720272
[06/03 13:42:49.291] Set heating speed: 0.6720272
[06/03 13:42:49.348] Set gasfire speed: 0.6414341
[06/03 13:42:49.349] Set heating speed: 0.6414341
[06/03 13:42:49.403] Set gasfire speed: 0.6151932
[06/03 13:42:49.404] Set heating speed: 0.6151932
[06/03 13:42:49.458] Set gasfire speed: 0.5888109
[06/03 13:42:49.459] Set heating speed: 0.5888109
[06/03 13:42:49.514] Set gasfire speed: 0.5674573
[06/03 13:42:49.514] Set heating speed: 0.5674573
[06/03 13:42:49.571] Set gasfire speed: 0.5373775
[06/03 13:42:49.572] Set heating speed: 0.5373775
[06/03 13:42:49.626] Set gasfire speed: 0.5125195
[06/03 13:42:49.626] Set heating speed: 0.5125195
[06/03 13:42:49.640] From OvenUsingTime | UsingCount: 0 UsingTime: 14.05014
[06/03 13:42:49.682] Set gasfire speed: 0.4947317
[06/03 13:42:49.682] Set heating speed: 0.4947317
[06/03 13:42:49.737] Set gasfire speed: 0.4870835
[06/03 13:42:49.737] Set heating speed: 0.4870835
[06/03 13:42:49.792] Set gasfire speed: 0.4832036
[06/03 13:42:49.792] Set heating speed: 0.4832036
[06/03 13:42:49.849] Set gasfire speed: 0.4878227
[06/03 13:42:49.849] Set heating speed: 0.4878227
[06/03 13:42:49.904] Set gasfire speed: 0.5000215
[06/03 13:42:49.905] Set heating speed: 0.5000215
[06/03 13:42:49.960] Set gasfire speed: 0.5136614
[06/03 13:42:49.960] Set heating speed: 0.5136614
[06/03 13:42:50.015] Set gasfire speed: 0.5229501
[06/03 13:42:50.016] Set heating speed: 0.5229501
[06/03 13:42:50.070] Set gasfire speed: 0.5379541
[06/03 13:42:50.072] Set heating speed: 0.5379541
[06/03 13:42:50.126] Set gasfire speed: 0.5540106
[06/03 13:42:50.127] Set heating speed: 0.5540106
[06/03 13:42:50.140] From OvenUsingTime | UsingCount: 0 UsingTime: 14.5518
[06/03 13:42:50.182] Set gasfire speed: 0.571978
[06/03 13:42:50.182] Set heating speed: 0.571978
[06/03 13:42:50.237] Set gasfire speed: 0.5845927
[06/03 13:42:50.238] Set heating speed: 0.5845927
[06/03 13:42:50.292] Set gasfire speed: 0.6037008
[06/03 13:42:50.293] Set heating speed: 0.6037008
[06/03 13:42:50.349] Set gasfire speed: 0.6216772
[06/03 13:42:50.350] Set heating speed: 0.6216772
[06/03 13:42:50.406] Set gasfire speed: 0.6366841
[06/03 13:42:50.406] Set heating speed: 0.6366841
[06/03 13:42:50.461] Set gasfire speed: 0.6477877
[06/03 13:42:50.462] Set heating speed: 0.6477877
[06/03 13:42:50.516] Set gasfire speed: 0.6554357
[06/03 13:42:50.516] Set heating speed: 0.6554357
[06/03 13:42:50.571] Set gasfire speed: 0.6638023
[06/03 13:42:50.572] Set heating speed: 0.6638023
[06/03 13:42:50.628] Set gasfire speed: 0.6732857
[06/03 13:42:50.628] Set heating speed: 0.6732857
[06/03 13:42:50.641] From OvenUsingTime | UsingCount: 0 UsingTime: 15.0527
[06/03 13:42:50.683] Set gasfire speed: 0.6804527
[06/03 13:42:50.684] Set heating speed: 0.6804527
[06/03 13:42:50.851] Set gasfire speed: 0.6775582
[06/03 13:42:50.852] Set heating speed: 0.6775582
[06/03 13:42:50.962] Set gasfire speed: 0.6721423
[06/03 13:42:50.963] Set heating speed: 0.6721423
[06/03 13:42:51.072] Set gasfire speed: 0.6676539
[06/03 13:42:51.073] Set heating speed: 0.6676539
[06/03 13:42:51.143] From OvenUsingTime | UsingCount: 0 UsingTime: 15.55324
[06/03 13:42:51.185] Set gasfire speed: 0.6640792
[06/03 13:42:51.186] Set heating speed: 0.6640792
[06/03 13:42:51.644] From OvenUsingTime | UsingCount: 0 UsingTime: 16.0549
[06/03 13:42:52.159] From OvenUsingTime | UsingCount: 0 UsingTime: 16.57003
[06/03 13:42:52.661] From OvenUsingTime | UsingCount: 0 UsingTime: 17.07106
[06/03 13:42:53.163] From OvenUsingTime | UsingCount: 0 UsingTime: 17.57129
[06/03 13:42:53.664] From OvenUsingTime | UsingCount: 0 UsingTime: 18.07343
[06/03 13:42:54.166] From OvenUsingTime | UsingCount: 0 UsingTime: 18.57426
[06/03 13:42:54.667] From OvenUsingTime | UsingCount: 0 UsingTime: 19.07557
[06/03 13:42:55.168] From OvenUsingTime | UsingCount: 0 UsingTime: 19.57622
[06/03 13:42:55.670] From OvenUsingTime | UsingCount: 0 UsingTime: 20.07644
[06/03 13:42:56.170] From OvenUsingTime | UsingCount: 0 UsingTime: 20.57738
[06/03 13:42:56.672] From OvenUsingTime | UsingCount: 0 UsingTime: 21.07829
[06/03 13:42:57.171] From OvenUsingTime | UsingCount: 0 UsingTime: 21.57965
[06/03 13:42:57.672] From OvenUsingTime | UsingCount: 0 UsingTime: 22.08023
[06/03 13:42:58.172] From OvenUsingTime | UsingCount: 0 UsingTime: 22.58325
[06/03 13:42:58.675] From OvenUsingTime | UsingCount: 0 UsingTime: 23.08551
[06/03 13:42:59.176] From OvenUsingTime | UsingCount: 0 UsingTime: 23.58619
[06/03 13:42:59.678] From OvenUsingTime | UsingCount: 0 UsingTime: 24.08737
[06/03 13:42:59.732] From ToasterUsingCount | UsingCount: 0 UsingTime: 0
[06/03 13:43:00.191] From OvenUsingTime | UsingCount: 0 UsingTime: 24.60194
[06/03 13:43:00.693] From OvenUsingTime | UsingCount: 0 UsingTime: 25.10343
[06/03 13:43:01.194] From OvenUsingTime | UsingCount: 0 UsingTime: 25.6052
[06/03 13:43:01.697] From OvenUsingTime | UsingCount: 0 UsingTime: 26.10685
[06/03 13:43:02.198] From OvenUsingTime | UsingCount: 0 UsingTime: 26.60736
[06/03 13:43:02.700] From OvenUsingTime | UsingCount: 0 UsingTime: 27.10871
[06/03 13:43:03.201] From OvenUsingTime | UsingCount: 0 UsingTime: 27.60952
[06/03 13:43:03.701] From OvenUsingTime | UsingCount: 0 UsingTime: 28.11064
[06/03 13:43:04.203] From OvenUsingTime | UsingCount: 0 UsingTime: 28.61111
[06/03 13:43:04.703] From OvenUsingTime | UsingCount: 0 UsingTime: 29.11284
[06/03 13:43:05.220] From OvenUsingTime | UsingCount: 0 UsingTime: 29.62701
[06/03 13:43:05.721] From OvenUsingTime | UsingCount: 0 UsingTime: 30.12968
[06/03 13:43:06.234] From OvenUsingTime | UsingCount: 0 UsingTime: 30.64392
[06/03 13:43:06.735] From OvenUsingTime | UsingCount: 0 UsingTime: 31.14509
[06/03 13:43:07.237] From OvenUsingTime | UsingCount: 0 UsingTime: 31.64583
[06/03 13:43:07.738] From OvenUsingTime | UsingCount: 0 UsingTime: 32.14673
[06/03 13:43:08.239] From OvenUsingTime | UsingCount: 0 UsingTime: 32.64799
[06/03 13:43:08.740] From OvenUsingTime | UsingCount: 0 UsingTime: 33.15006
[06/03 13:43:09.242] From OvenUsingTime | UsingCount: 0 UsingTime: 33.65064
[06/03 13:43:09.744] From OvenUsingTime | UsingCount: 0 UsingTime: 34.15421
[06/03 13:43:10.260] From OvenUsingTime | UsingCount: 0 UsingTime: 34.67065
[06/03 13:43:10.773] From OvenUsingTime | UsingCount: 0 UsingTime: 35.18386
[06/03 13:43:11.275] From OvenUsingTime | UsingCount: 0 UsingTime: 35.68563
[06/03 13:43:11.639] Use a clean plate
[06/03 13:43:11.777] From OvenUsingTime | UsingCount: 0 UsingTime: 36.18679
[06/03 13:43:12.291] From OvenUsingTime | UsingCount: 0 UsingTime: 36.70126
[06/03 13:43:12.791] From OvenUsingTime | UsingCount: 0 UsingTime: 37.2018
[06/03 13:43:13.293] From OvenUsingTime | UsingCount: 0 UsingTime: 37.70403
[06/03 13:43:13.795] From OvenUsingTime | UsingCount: 0 UsingTime: 38.20442
[06/03 13:43:14.295] From OvenUsingTime | UsingCount: 0 UsingTime: 38.70553
[06/03 13:43:14.606] Cooked: Fried Egg
[06/03 13:43:14.797] From OvenUsingTime | UsingCount: 0 UsingTime: 39.20638
[06/03 13:43:15.299] From OvenUsingTime | UsingCount: 0 UsingTime: 39.70859
[06/03 13:43:15.803] From OvenUsingTime | UsingCount: 0 UsingTime: 40.20988
[06/03 13:43:16.304] From OvenUsingTime | UsingCount: 0 UsingTime: 40.711
[06/03 13:43:16.359] Set gasfire speed: 0.6375546
[06/03 13:43:16.359] Set heating speed: 0.6375546
[06/03 13:43:16.414] Set gasfire speed: 0.6095049
[06/03 13:43:16.414] Set heating speed: 0.6095049
[06/03 13:43:16.471] Set gasfire speed: 0.5701006
[06/03 13:43:16.471] Set heating speed: 0.5701006
[06/03 13:43:16.525] Set gasfire speed: 0.5324268
[06/03 13:43:16.526] Set heating speed: 0.5324268
[06/03 13:43:16.582] Set gasfire speed: 0.4987944
[06/03 13:43:16.583] Set heating speed: 0.4987944
[06/03 13:43:16.637] Set gasfire speed: 0.4792251
[06/03 13:43:16.637] Set heating speed: 0.4792251
[06/03 13:43:16.692] Set gasfire speed: 0.4530949
[06/03 13:43:16.692] Set heating speed: 0.4530949
[06/03 13:43:16.749] Set gasfire speed: 0.4280979
[06/03 13:43:16.750] Set heating speed: 0.4280979
[06/03 13:43:16.804] From OvenUsingTime | UsingCount: 0 UsingTime: 41.21142
[06/03 13:43:16.805] Set gasfire speed: 0.4031758
[06/03 13:43:16.806] Set heating speed: 0.4031758
[06/03 13:43:16.859] Set gasfire speed: 0.3783284
[06/03 13:43:16.860] Set heating speed: 0.3783284
[06/03 13:43:16.916] Set gasfire speed: 0.3618048
[06/03 13:43:16.916] Set heating speed: 0.3618048
[06/03 13:43:16.971] Set gasfire speed: 0.3370814
[06/03 13:43:16.971] Set heating speed: 0.3370814
[06/03 13:43:17.026] Set gasfire speed: 0.3124321
[06/03 13:43:17.027] Set heating speed: 0.3124321
[06/03 13:43:17.082] Set gasfire speed: 0.2878566
[06/03 13:43:17.082] Set heating speed: 0.2878566
[06/03 13:43:17.136] Set gasfire speed: 0.2715139
[06/03 13:43:17.137] Set heating speed: 0.2715139
[06/03 13:43:17.192] Set gasfire speed: 0.247061
[06/03 13:43:17.193] Set heating speed: 0.247061
[06/03 13:43:17.250] Set gasfire speed: 0.2226815
[06/03 13:43:17.250] Set heating speed: 0.2226815
[06/03 13:43:17.306] From OvenUsingTime | UsingCount: 0 UsingTime: 41.71191
[06/03 13:43:17.307] Set gasfire speed: 0.198375
[06/03 13:43:17.307] Set heating speed: 0.198375
[06/03 13:43:17.361] Set gasfire speed: 0.1741414
[06/03 13:43:17.361] Set heating speed: 0.1741414
[06/03 13:43:17.416] Set gasfire speed: 0.158026
[06/03 13:43:17.416] Set heating speed: 0.158026
[06/03 13:43:17.471] Set gasfire speed: 0.1662566
[06/03 13:43:17.472] Set heating speed: 0.1662566
[06/03 13:43:17.527] Set gasfire speed: 0.1746358
[06/03 13:43:17.528] Set heating speed: 0.1746358
[06/03 13:43:17.584] Set gasfire speed: 0.1818489
[06/03 13:43:17.584] Set heating speed: 0.1818489
[06/03 13:43:17.640] Set gasfire speed: 0.1877584
[06/03 13:43:17.641] Set heating speed: 0.1877584
[06/03 13:43:17.694] Set gasfire speed: 0.1912607
[06/03 13:43:17.694] Set heating speed: 0.1912607
[06/03 13:43:17.751] Set gasfire speed: 0.194497
[06/03 13:43:17.752] Set heating speed: 0.194497
[06/03 13:43:17.807] From OvenUsingTime | UsingCount: 0 UsingTime: 42.21347
[06/03 13:43:17.807] Set gasfire speed: 0.1977025
[06/03 13:43:17.808] Set heating speed: 0.1977025
[06/03 13:43:17.918] Set gasfire speed: 0.2015064
[06/03 13:43:17.919] Set heating speed: 0.2015064
[06/03 13:43:18.086] Set gasfire speed: 0.1981296
[06/03 13:43:18.087] Set heating speed: 0.1981296
[06/03 13:43:18.140] Set gasfire speed: 0.1942085
[06/03 13:43:18.140] Set heating speed: 0.1942085
[06/03 13:43:18.253] Set gasfire speed: 0.1990193
[06/03 13:43:18.253] Set heating speed: 0.1990193
[06/03 13:43:18.307] From OvenUsingTime | UsingCount: 0 UsingTime: 42.71569
[06/03 13:43:18.307] Set gasfire speed: 0.2022118
[06/03 13:43:18.308] Set heating speed: 0.2022118
[06/03 13:43:18.363] Set gasfire speed: 0.2053947
[06/03 13:43:18.364] Set heating speed: 0.2053947
[06/03 13:43:18.419] Set gasfire speed: 0.208568
[06/03 13:43:18.420] Set heating speed: 0.208568
[06/03 13:43:18.530] Set gasfire speed: 0.2148241
[06/03 13:43:18.531] Set heating speed: 0.2148241
[06/03 13:43:18.586] Set gasfire speed: 0.2180399
[06/03 13:43:18.587] Set heating speed: 0.2180399
[06/03 13:43:18.752] Set gasfire speed: 0.2141554
[06/03 13:43:18.753] Set heating speed: 0.2141554
[06/03 13:43:18.808] From OvenUsingTime | UsingCount: 0 UsingTime: 43.21782
[06/03 13:43:18.808] Set gasfire speed: 0.2109645
[06/03 13:43:18.809] Set heating speed: 0.2109645
[06/03 13:43:18.864] Set gasfire speed: 0.2075734
[06/03 13:43:18.865] Set heating speed: 0.2075734
[06/03 13:43:18.975] Set gasfire speed: 0.202626
[06/03 13:43:18.976] Set heating speed: 0.202626
[06/03 13:43:19.031] Set gasfire speed: 0.1991282
[06/03 13:43:19.032] Set heating speed: 0.1991282
[06/03 13:43:19.087] Set gasfire speed: 0.1956829
[06/03 13:43:19.088] Set heating speed: 0.1956829
[06/03 13:43:19.309] From OvenUsingTime | UsingCount: 0 UsingTime: 43.71957
[06/03 13:43:19.309] Set gasfire speed: 0.1899552
[06/03 13:43:19.310] Set heating speed: 0.1899552
[06/03 13:43:19.366] Set gasfire speed: 0.1850805
[06/03 13:43:19.366] Set heating speed: 0.1850805
[06/03 13:43:19.421] Set gasfire speed: 0.1768357
[06/03 13:43:19.422] Set heating speed: 0.1768357
[06/03 13:43:19.477] Set gasfire speed: 0.164059
[06/03 13:43:19.478] Set heating speed: 0.164059
[06/03 13:43:19.532] Set gasfire speed: 0.1542103
[06/03 13:43:19.533] Set heating speed: 0.1542103
[06/03 13:43:19.588] Set gasfire speed: 0.1350669
[06/03 13:43:19.588] Set heating speed: 0.1350669
[06/03 13:43:19.644] Set gasfire speed: 0.1156036
[06/03 13:43:19.644] Set heating speed: 0.1156036
[06/03 13:43:19.699] Set gasfire speed: 0.09619868
[06/03 13:43:19.700] Set heating speed: 0.09619868
[06/03 13:43:19.755] Set gasfire speed: 0.08329436
[06/03 13:43:19.755] Set heating speed: 0.08329436
[06/03 13:43:19.810] From OvenUsingTime | UsingCount: 0 UsingTime: 44.22023
[06/03 13:43:19.811] Set gasfire speed: 0.06398629
[06/03 13:43:19.811] Set heating speed: 0.06398629
[06/03 13:43:19.867] Set gasfire speed: 0.04473607
[06/03 13:43:19.868] Set heating speed: 0.04473607
[06/03 13:43:19.922] Set gasfire speed: 0.02554353
[06/03 13:43:19.923] Set heating speed: 0.02554353
[06/03 13:43:19.978] Set gasfire speed: 0.006408523
[06/03 13:43:19.978] Set heating speed: 0.006408523
[06/03 13:43:20.033] Set gasfire speed: 4.293875E-05
[06/03 13:43:20.035] Set heating speed: 4.293875E-05
[06/03 13:43:20.048] From OvenUsingTime | UsingCount: 0 UsingTime: 0
[06/03 13:43:32.565] From FridgeOpenCount | UsingCount: 1 UsingTime: 0
[06/03 13:43:33.066] From FridgeOpenTime | UsingCount: 0 UsingTime: 0.5001733
[06/03 13:43:33.567] From FridgeOpenTime | UsingCount: 0 UsingTime: 1.00114
[06/03 13:43:34.067] From FridgeOpenTime | UsingCount: 0 UsingTime: 1.501816
[06/03 13:43:34.569] From FridgeOpenTime | UsingCount: 0 UsingTime: 2.002946
[06/03 13:43:35.070] From FridgeOpenTime | UsingCount: 0 UsingTime: 2.503799
[06/03 13:43:35.571] From FridgeOpenTime | UsingCount: 0 UsingTime: 3.004297
[06/03 13:43:36.071] From FridgeOpenTime | UsingCount: 0 UsingTime: 3.506053
[06/03 13:43:36.573] From FridgeOpenTime | UsingCount: 0 UsingTime: 4.007944
[06/03 13:43:37.074] From FridgeOpenTime | UsingCount: 0 UsingTime: 4.509569
[06/03 13:43:37.575] From FridgeOpenTime | UsingCount: 0 UsingTime: 5.013102
[06/03 13:43:38.091] From FridgeOpenTime | UsingCount: 0 UsingTime: 5.524624
[06/03 13:43:38.592] From FridgeOpenTime | UsingCount: 0 UsingTime: 6.027406
[06/03 13:43:39.094] From FridgeOpenTime | UsingCount: 0 UsingTime: 6.529589
[06/03 13:43:39.594] From FridgeOpenTime | UsingCount: 0 UsingTime: 7.030702
[06/03 13:43:40.096] From FridgeOpenTime | UsingCount: 0 UsingTime: 7.532084
[06/03 13:43:40.598] From FridgeOpenTime | UsingCount: 0 UsingTime: 8.033459
[06/03 13:43:41.099] From FridgeOpenTime | UsingCount: 0 UsingTime: 8.534492
[06/03 13:43:41.601] From FridgeOpenTime | UsingCount: 0 UsingTime: 9.035177
[06/03 13:43:42.102] From FridgeOpenTime | UsingCount: 0 UsingTime: 9.535658
[06/03 13:43:42.603] From FridgeOpenTime | UsingCount: 0 UsingTime: 10.03665
[06/03 13:43:43.104] From FridgeOpenTime | UsingCount: 0 UsingTime: 10.53826
[06/03 13:43:43.606] From FridgeOpenTime | UsingCount: 0 UsingTime: 11.03993
[06/03 13:43:44.121] From FridgeOpenTime | UsingCount: 0 UsingTime: 11.55394
[06/03 13:43:44.622] From FridgeOpenTime | UsingCount: 0 UsingTime: 12.05554
[06/03 13:43:45.123] From FridgeOpenTime | UsingCount: 0 UsingTime: 12.55684
[06/03 13:43:45.624] From FridgeOpenTime | UsingCount: 0 UsingTime: 13.05839
[06/03 13:43:46.125] From FridgeOpenTime | UsingCount: 0 UsingTime: 13.55846
[06/03 13:43:46.625] From FridgeOpenTime | UsingCount: 0 UsingTime: 14.0609
[06/03 13:43:47.127] From FridgeOpenTime | UsingCount: 0 UsingTime: 14.56127
[06/03 13:43:47.628] From FridgeOpenTime | UsingCount: 0 UsingTime: 15.06323
[06/03 13:43:47.782] From FridgeOpenTime | UsingCount: 0 UsingTime: 0
[06/03 13:44:31.081] Set heating speed: 0.982549
[06/03 13:44:31.135] Set heating speed: 0.9886373
[06/03 13:44:31.190] Set heating speed: 0.9998235
[06/03 13:44:32.570] From FridgeOpenCount | UsingCount: 0 UsingTime: 0
[06/03 13:44:33.251] Set heating speed: 0.9033442
[06/03 13:44:33.307] Set heating speed: 0.8642403
[06/03 13:44:33.363] Set heating speed: 0.8530275
[06/03 13:44:33.419] Set heating speed: 0.8716766
[06/03 13:44:33.473] Set heating speed: 0.8510727
[06/03 13:44:33.531] Set heating speed: 0.8361357
[06/03 13:44:33.586] Set heating speed: 0.7951273
[06/03 13:44:33.641] Set heating speed: 0.7559401
[06/03 13:44:33.697] Set heating speed: 0.7224125
[06/03 13:44:33.752] Set heating speed: 0.7024429
[06/03 13:44:33.808] Set heating speed: 0.6797967
[06/03 13:44:33.864] Set heating speed: 0.6647987
[06/03 13:44:33.920] Set heating speed: 0.6465451
[06/03 13:44:33.974] Set heating speed: 0.6278899
[06/03 13:44:34.031] Set heating speed: 0.5959354
[06/03 13:44:34.087] Set heating speed: 0.5640265
[06/03 13:44:34.142] Set heating speed: 0.5382012
[06/03 13:44:34.198] Set heating speed: 0.518592
[06/03 13:44:34.253] Set heating speed: 0.5092071
[06/03 13:44:34.309] Set heating speed: 0.4976359
[06/03 13:44:34.365] Set heating speed: 0.487655
[06/03 13:44:34.476] Set heating speed: 0.5110748
[06/03 13:44:34.532] Set heating speed: 0.5604174
[06/03 13:44:34.588] Set heating speed: 0.6497113
[06/03 13:44:34.644] Set heating speed: 0.7361915
[06/03 13:44:34.699] Set heating speed: 0.8224126
[06/03 13:44:34.754] Set heating speed: 0.8797495
[06/03 13:44:34.809] Set heating speed: 0.9655404
[06/03 13:44:34.866] Set heating speed: 0.9999986
[06/03 13:44:35.201] From  | UsingCount: 1 UsingTime: 0
[06/03 13:44:35.715] From  | UsingCount: 0 UsingTime: 0.5136487
[06/03 13:44:36.216] From  | UsingCount: 0 UsingTime: 1.014378
[06/03 13:44:36.608] Start oven
[06/03 13:44:36.609] Set oven time 18.74288
[06/03 13:44:36.719] From  | UsingCount: 0 UsingTime: 1.517843
[06/03 13:44:37.233] From  | UsingCount: 0 UsingTime: 2.031729
[06/03 13:44:37.734] From  | UsingCount: 0 UsingTime: 2.532938
[06/03 13:44:38.236] From  | UsingCount: 0 UsingTime: 3.034243
[06/03 13:44:38.737] From  | UsingCount: 0 UsingTime: 3.53455
[06/03 13:44:39.239] From  | UsingCount: 0 UsingTime: 4.03525
[06/03 13:44:39.740] From  | UsingCount: 0 UsingTime: 4.535867
[06/03 13:44:40.241] From  | UsingCount: 0 UsingTime: 5.041065
[06/03 13:44:40.603] Set heating speed: 0.9700963
[06/03 13:44:40.658] Set heating speed: 0.9061983
[06/03 13:44:40.713] Set heating speed: 0.9174612
[06/03 13:44:40.755] From  | UsingCount: 0 UsingTime: 5.551786
[06/03 13:44:40.770] Set heating speed: 0.9999988
[06/03 13:44:41.160] Set heating speed: 0.9886073
[06/03 13:44:41.215] Set heating speed: 0.9610555
[06/03 13:44:41.256] From  | UsingCount: 0 UsingTime: 6.054444
[06/03 13:44:41.271] Set heating speed: 0.910897
[06/03 13:44:41.326] Set heating speed: 0.8558916
[06/03 13:44:41.383] Set heating speed: 0.8016602
[06/03 13:44:41.438] Set heating speed: 0.7577579
[06/03 13:44:41.492] Set heating speed: 0.7223282
[06/03 13:44:41.549] Set heating speed: 0.6516274
[06/03 13:44:41.605] Set heating speed: 0.5946587
[06/03 13:44:41.659] Set heating speed: 0.5411916
[06/03 13:44:41.716] Set heating speed: 0.5100296
[06/03 13:44:41.757] From  | UsingCount: 0 UsingTime: 6.555749
[06/03 13:44:41.771] Set heating speed: 0.4722439
[06/03 13:44:41.827] Set heating speed: 0.4313053
[06/03 13:44:41.883] Set heating speed: 0.3863246
[06/03 13:44:41.939] Set heating speed: 0.3407554
[06/03 13:44:41.994] Set heating speed: 0.3249468
[06/03 13:44:42.051] Set heating speed: 0.3051802
[06/03 13:44:42.162] Set heating speed: 0.3141604
[06/03 13:44:42.218] Set heating speed: 0.3209727
[06/03 13:44:42.258] From  | UsingCount: 0 UsingTime: 7.060235
[06/03 13:44:42.271] Set heating speed: 0.3255029
[06/03 13:44:42.328] Set heating speed: 0.3322811
[06/03 13:44:42.384] Set heating speed: 0.339039
[06/03 13:44:42.440] Set heating speed: 0.3457768
[06/03 13:44:42.496] Set heating speed: 0.3524943
[06/03 13:44:42.773] From  | UsingCount: 0 UsingTime: 7.572689
[06/03 13:44:43.275] From  | UsingCount: 0 UsingTime: 8.074725
[06/03 13:44:43.778] From  | UsingCount: 0 UsingTime: 8.576951
[06/03 13:44:43.889] Set heating speed: 0.3952402
[06/03 13:44:43.944] Set heating speed: 0.5225803
[06/03 13:44:44.001] Set heating speed: 0.6374
[06/03 13:44:44.055] Set heating speed: 0.6772734
[06/03 13:44:44.110] Set heating speed: 0.6741735
[06/03 13:44:44.168] Set heating speed: 0.6212524
[06/03 13:44:44.223] Set heating speed: 0.549427
[06/03 13:44:44.278] From  | UsingCount: 0 UsingTime: 9.077107
[06/03 13:44:44.279] Set heating speed: 0.4901567
[06/03 13:44:44.333] Set heating speed: 0.4483927
[06/03 13:44:44.390] Set heating speed: 0.3954173
[06/03 13:44:44.444] Set heating speed: 0.3598796
[06/03 13:44:44.501] Set heating speed: 0.3316365
[06/03 13:44:44.555] Set heating speed: 0.3124878
[06/03 13:44:44.611] Set heating speed: 0.2840148
[06/03 13:44:44.668] Set heating speed: 0.2516673
[06/03 13:44:44.723] Set heating speed: 0.2369267
[06/03 13:44:44.778] From  | UsingCount: 0 UsingTime: 9.577673
[06/03 13:44:44.779] Set heating speed: 0.2400123
[06/03 13:44:44.833] Set heating speed: 0.2322072
[06/03 13:44:44.889] Set heating speed: 0.2273156
[06/03 13:44:45.003] Set heating speed: 0.231473
[06/03 13:44:45.057] Set heating speed: 0.2487111
[06/03 13:44:45.113] Set heating speed: 0.2560096
[06/03 13:44:45.210] From  | UsingCount: 0 UsingTime: 0
[06/03 13:44:45.224] Set heating speed: 0.2587877
[06/03 13:44:45.281] From  | UsingCount: 0 UsingTime: 10.07903
[06/03 13:44:45.281] Set heating speed: 0.2707364
[06/03 13:44:45.336] Set heating speed: 0.2821178
[06/03 13:44:45.391] Set heating speed: 0.3039042
[06/03 13:44:45.448] Set heating speed: 0.3239858
[06/03 13:44:45.503] Set heating speed: 0.3440072
[06/03 13:44:45.558] Set heating speed: 0.3639687
[06/03 13:44:45.614] Set heating speed: 0.377243
[06/03 13:44:45.671] Set heating speed: 0.397105
[06/03 13:44:45.726] Set heating speed: 0.4169073
[06/03 13:44:45.783] From  | UsingCount: 0 UsingTime: 10.57974
[06/03 13:44:45.783] Set heating speed: 0.4366502
[06/03 13:44:45.838] Set heating speed: 0.4563341
[06/03 13:44:45.893] Set heating speed: 0.4694238
[06/03 13:44:45.950] Set heating speed: 0.4890093
[06/03 13:44:46.006] Set heating speed: 0.5085361
[06/03 13:44:46.061] Set heating speed: 0.5280045
[06/03 13:44:46.116] Set heating speed: 0.5409508
[06/03 13:44:46.172] Set heating speed: 0.560322
[06/03 13:44:46.228] Set heating speed: 0.5796353
[06/03 13:44:46.284] From  | UsingCount: 0 UsingTime: 11.08128
[06/03 13:44:46.284] Set heating speed: 0.5988905
[06/03 13:44:46.340] Set heating speed: 0.6180881
[06/03 13:44:46.394] Set heating speed: 0.6308545
[06/03 13:44:46.450] Set heating speed: 0.6499563
[06/03 13:44:46.506] Set heating speed: 0.6690007
[06/03 13:44:46.562] Set heating speed: 0.6879883
[06/03 13:44:46.618] Set heating speed: 0.7069188
[06/03 13:44:46.672] Set heating speed: 0.7195077
[06/03 13:44:46.729] Set heating speed: 0.7383437
[06/03 13:44:46.785] From  | UsingCount: 0 UsingTime: 11.58238
[06/03 13:44:46.786] Set heating speed: 0.7571233
[06/03 13:44:46.841] Set heating speed: 0.7758467
[06/03 13:44:46.895] Set heating speed: 0.7882977
[06/03 13:44:46.952] Set heating speed: 0.8069275
[06/03 13:44:47.007] Set heating speed: 0.8255017
[06/03 13:44:47.063] Set heating speed: 0.8440201
[06/03 13:44:47.119] Set heating speed: 0.862483
[06/03 13:44:47.173] Set heating speed: 0.8747609
[06/03 13:44:47.231] Set heating speed: 0.8931317
[06/03 13:44:47.287] From  | UsingCount: 0 UsingTime: 12.0829
[06/03 13:44:47.288] Set heating speed: 0.9114475
[06/03 13:44:47.341] Set heating speed: 0.9297084
[06/03 13:44:47.398] Set heating speed: 0.9479145
[06/03 13:44:47.452] Set heating speed: 0.9600214
[06/03 13:44:47.509] Set heating speed: 0.9781367
[06/03 13:44:47.565] Set heating speed: 0.9961977
[06/03 13:44:47.621] Set heating speed: 0.9999922
[06/03 13:44:47.788] From  | UsingCount: 0 UsingTime: 12.58356
[06/03 13:44:48.289] From  | UsingCount: 0 UsingTime: 13.08506
[06/03 13:44:48.789] From  | UsingCount: 0 UsingTime: 13.58657
[06/03 13:44:49.290] From  | UsingCount: 0 UsingTime: 14.08987
[06/03 13:44:49.790] From  | UsingCount: 0 UsingTime: 14.59061
[06/03 13:44:49.862] Finish task2
[06/03 13:44:50.307] From  | UsingCount: 0 UsingTime: 15.10262
[06/03 13:44:50.807] From  | UsingCount: 0 UsingTime: 15.60584
[06/03 13:44:51.240] Set heating speed: 0.9889694
[06/03 13:44:51.295] Set heating speed: 0.8922662
[06/03 13:44:51.307] From  | UsingCount: 0 UsingTime: 16.11051
[06/03 13:44:51.351] Set heating speed: 0.8340775
[06/03 13:44:51.407] Set heating speed: 0.8406448
[06/03 13:44:51.462] Set heating speed: 0.885084
[06/03 13:44:51.518] Set heating speed: 0.8802409
[06/03 13:44:51.572] Set heating speed: 0.8327325
[06/03 13:44:51.629] Set heating speed: 0.7485336
[06/03 13:44:51.685] Set heating speed: 0.6851276
[06/03 13:44:51.740] Set heating speed: 0.6392748
[06/03 13:44:51.795] Set heating speed: 0.6169299
[06/03 13:44:51.824] From  | UsingCount: 0 UsingTime: 16.62073
[06/03 13:44:51.851] Set heating speed: 0.596827
[06/03 13:44:51.907] Set heating speed: 0.5916724
[06/03 13:44:52.020] Set heating speed: 0.601131
[06/03 13:44:52.187] Set heating speed: 0.5949906
[06/03 13:44:52.325] From  | UsingCount: 0 UsingTime: 17.12247
[06/03 13:44:52.688] Set heating speed: 0.5884591
[06/03 13:44:52.800] Set heating speed: 0.5855094
[06/03 13:44:52.826] From  | UsingCount: 0 UsingTime: 17.62535
[06/03 13:44:52.967] Set heating speed: 0.5815948
[06/03 13:44:53.133] Set heating speed: 0.576446
[06/03 13:44:53.244] Set heating speed: 0.5701613
[06/03 13:44:53.328] From  | UsingCount: 0 UsingTime: 18.12598
[06/03 13:44:53.579] Set heating speed: 0.5737501
[06/03 13:44:53.746] Set heating speed: 0.5814958
[06/03 13:44:53.843] From  | UsingCount: 0 UsingTime: 18.64113
[06/03 13:44:53.970] Set heating speed: 0.5786826
[06/03 13:44:54.024] Set heating speed: 0.5759011
[06/03 13:44:54.344] From  | UsingCount: 0 UsingTime: 19.14244
[06/03 13:44:54.469] Set heating speed: 0.5807368
[06/03 13:44:54.748] Set heating speed: 0.5777978
[06/03 13:44:54.845] From  | UsingCount: 0 UsingTime: 19.64272
[06/03 13:44:55.347] From  | UsingCount: 0 UsingTime: 20.14488
[06/03 13:44:55.430] From  | UsingCount: 0 UsingTime: 0
[06/03 13:44:55.527] Set heating speed: 0.5824171
[06/03 13:44:55.862] Set heating speed: 0.5868199
[06/03 13:44:55.918] Set heating speed: 0.6051081
[06/03 13:44:55.973] Set heating speed: 0.6256936
[06/03 13:44:56.029] Set heating speed: 0.6562678
[06/03 13:44:56.087] Set heating speed: 0.6867505
[06/03 13:44:56.141] Set heating speed: 0.7171416
[06/03 13:44:56.196] Set heating speed: 0.7373518
[06/03 13:44:56.253] Set heating speed: 0.7675914
[06/03 13:44:56.308] Set heating speed: 0.7977403
[06/03 13:44:56.364] Set heating speed: 0.827799
[06/03 13:44:56.420] Set heating speed: 0.8577676
[06/03 13:44:56.474] Set heating speed: 0.8776966
[06/03 13:44:56.531] Set heating speed: 0.9075156
[06/03 13:44:56.586] Set heating speed: 0.9372452
[06/03 13:44:56.641] Set heating speed: 0.9668857
[06/03 13:44:56.699] Set heating speed: 0.9964374
[06/03 13:44:56.752] Set heating speed: 1.000002
[06/03 13:46:15.723] Use a clean plate
[06/03 13:47:04.606] Start cleaning
[06/03 13:47:04.606] From DishwasherUsingCount | UsingCount: 1 UsingTime: 0
[06/03 13:47:24.598] Clean a plate
[06/03 13:47:24.599] Stop cleaning
[06/03 13:47:49.506] Start cleaning
[06/03 13:47:49.506] From DishwasherUsingCount | UsingCount: 2 UsingTime: 0
[06/03 13:48:09.498] Clean a plate
[06/03 13:48:09.499] Stop cleaning